TN:
SF:src\domain\usescases\auth-usecase.js
FN:4,AuthUseCase
FN:10,auth
FNF:2
FNH:2
FNDA:10,AuthUseCase
FNDA:10,auth
DA:1,1
DA:2,1
DA:3,1
DA:4,1
DA:5,10
DA:6,10
DA:7,10
DA:8,10
DA:9,1
DA:10,1
DA:11,10
DA:12,1
DA:13,1
DA:14,10
DA:15,0
DA:16,0
DA:17,9
DA:18,10
DA:19,10
DA:20,10
DA:21,5
DA:22,5
DA:23,5
DA:24,2
DA:25,10
DA:26,0
DA:27,1
DA:28,1
DA:29,1
LF:29
LH:26
BRDA:29,0,0,1
BRDA:4,1,0,10
BRDA:10,2,0,10
BRDA:11,3,0,1
BRDA:13,4,0,9
BRDA:14,5,0,0
BRDA:16,6,0,9
BRDA:18,7,0,7
BRDA:19,8,0,6
BRDA:20,9,0,5
BRDA:23,10,0,2
BRDA:25,11,0,0
BRF:12
BRH:10
end_of_record
TN:
SF:src\presentation\errors\index.js
FNF:0
FNH:0
DA:1,1
DA:2,1
DA:3,1
DA:4,1
DA:5,1
DA:6,1
DA:7,1
LF:7
LH:7
BRDA:7,0,0,1
BRF:1
BRH:1
end_of_record
TN:
SF:src\presentation\errors\server-error.js
FN:2,ServerError
FNF:1
FNH:1
FNDA:15,ServerError
DA:1,1
DA:2,1
DA:3,15
DA:4,15
DA:5,15
DA:6,1
DA:7,1
DA:8,1
LF:8
LH:8
BRDA:8,0,0,1
BRDA:2,1,0,15
BRF:2
BRH:2
end_of_record
TN:
SF:src\presentation\errors\unauthorized-error.js
FN:2,UnauthorizedError
FNF:1
FNH:1
FNDA:4,UnauthorizedError
DA:1,1
DA:2,1
DA:3,4
DA:4,4
DA:5,4
DA:6,1
DA:7,1
DA:8,1
LF:8
LH:8
BRDA:8,0,0,1
BRDA:2,1,0,4
BRF:2
BRH:2
end_of_record
TN:
SF:src\presentation\helpers\http-response.js
FN:4,badRequest
FN:11,serverError
FN:18,unauthorizedError
FN:25,ok
FNF:4
FNH:4
FNDA:3,badRequest
FNDA:8,serverError
FNDA:3,unauthorizedError
FNDA:1,ok
DA:1,1
DA:2,1
DA:3,1
DA:4,1
DA:5,3
DA:6,3
DA:7,3
DA:8,3
DA:9,3
DA:10,1
DA:11,1
DA:12,8
DA:13,8
DA:14,8
DA:15,8
DA:16,8
DA:17,1
DA:18,1
DA:19,3
DA:20,3
DA:21,3
DA:22,3
DA:23,3
DA:24,1
DA:25,1
DA:26,1
DA:27,1
DA:28,1
DA:29,1
DA:30,1
DA:31,1
DA:32,1
DA:33,1
LF:33
LH:33
BRDA:33,0,0,1
BRDA:4,1,0,3
BRDA:11,2,0,8
BRDA:18,3,0,3
BRDA:25,4,0,1
BRF:5
BRH:5
end_of_record
TN:
SF:src\presentation\routers\login-router.js
FN:6,LoginRouter
FN:11,route
FNF:2
FNH:2
FNDA:15,LoginRouter
FNDA:15,route
DA:1,1
DA:2,1
DA:3,1
DA:4,1
DA:5,1
DA:6,1
DA:7,15
DA:8,15
DA:9,15
DA:10,1
DA:11,1
DA:12,15
DA:13,15
DA:14,15
DA:15,1
DA:16,1
DA:17,15
DA:18,1
DA:19,1
DA:20,15
DA:21,1
DA:22,1
DA:23,4
DA:24,15
DA:25,3
DA:26,3
DA:27,1
DA:28,15
DA:29,8
DA:30,8
DA:31,0
DA:32,1
DA:33,1
DA:34,1
LF:34
LH:33
BRDA:34,0,0,1
BRDA:6,1,0,15
BRDA:11,2,0,15
BRDA:14,3,0,1
BRDA:16,4,0,12
BRDA:17,5,0,1
BRDA:19,6,0,5
BRDA:20,7,0,1
BRDA:22,8,0,4
BRDA:24,9,0,3
BRDA:26,10,0,1
BRDA:12,11,0,0
BRDA:28,12,0,8
BRDA:30,13,0,0
BRF:14
BRH:12
end_of_record
TN:
SF:src\utils\email-validator.js
FN:4,isValid
FNF:1
FNH:1
FNDA:3,isValid
DA:1,1
DA:2,1
DA:3,1
DA:4,1
DA:5,3
DA:6,3
DA:7,1
DA:8,1
DA:9,1
LF:9
LH:9
BRDA:9,0,0,1
BRDA:4,1,0,3
BRF:2
BRH:2
end_of_record
TN:
SF:src\utils\errors\index.js
FNF:0
FNH:0
DA:1,1
DA:2,1
DA:3,1
DA:4,1
DA:5,1
DA:6,1
DA:7,1
LF:7
LH:7
BRDA:7,0,0,2
BRF:1
BRH:1
end_of_record
TN:
SF:src\utils\errors\invalid-param-error.js
FN:2,InvalidParamError
FNF:1
FNH:1
FNDA:2,InvalidParamError
DA:1,1
DA:2,1
DA:3,2
DA:4,2
DA:5,2
DA:6,1
DA:7,1
DA:8,1
LF:8
LH:8
BRDA:8,0,0,2
BRDA:2,1,0,2
BRF:2
BRH:2
end_of_record
TN:
SF:src\utils\errors\missing-param-error.js
FN:2,MissingParamError
FNF:1
FNH:1
FNDA:7,MissingParamError
DA:1,1
DA:2,1
DA:3,7
DA:4,7
DA:5,7
DA:6,1
DA:7,1
DA:8,1
LF:8
LH:8
BRDA:8,0,0,2
BRDA:2,1,0,7
BRF:2
BRH:2
end_of_record
